============================= test session starts =============================
platform win32 -- Python 3.13.5, pytest-9.0.2, pluggy-1.6.0 -- W:\tools\python\python.exe
cachedir: .pytest_cache
rootdir: W:\workspace\tick-frame-space
plugins: anyio-4.11.0
collecting ... collected 1 item

experiments/132_grow_until_observed/phase2a2_test.py::test_phase2a2_load_sweep 
========== PHASE 2A.2: LOAD COEFFICIENT SWEEP ==========
Sweeping load_coefficient over [0.001, 0.01, 0.05, 0.1, 0.5, 1.0]
All other params fixed; planet-only substrate, 5000 cycles each.

--- Running load_coefficient = 0.001 ---
  threshold(r) range (max-min): 0.0033
  threshold(r) monotonic decreasing: False
  load(r) range (max-min): 0.0000
  load(r) monotonic decreasing: True

--- Running load_coefficient = 0.01 ---
  threshold(r) range (max-min): 0.0033
  threshold(r) monotonic decreasing: False
  load(r) range (max-min): 0.0000
  load(r) monotonic decreasing: True

--- Running load_coefficient = 0.05 ---
  threshold(r) range (max-min): 0.0033
  threshold(r) monotonic decreasing: False
  load(r) range (max-min): 0.0000
  load(r) monotonic decreasing: True

--- Running load_coefficient = 0.1 ---
  threshold(r) range (max-min): 0.0033
  threshold(r) monotonic decreasing: False
  load(r) range (max-min): 0.0000
  load(r) monotonic decreasing: True

--- Running load_coefficient = 0.5 ---
  threshold(r) range (max-min): 0.0033
  threshold(r) monotonic decreasing: False
  load(r) range (max-min): 0.0000
  load(r) monotonic decreasing: True

--- Running load_coefficient = 1.0 ---
  threshold(r) range (max-min): 0.0033
  threshold(r) monotonic decreasing: False
  load(r) range (max-min): 0.0000
  load(r) monotonic decreasing: True

========== SWEEP SUMMARY ==========
 load_coef |  thr_range |  thr_mono | load_range | load_mono
----------------------------------------------------------------------
    0.0010 |     0.0033 |     False |     0.0000 |      True
    0.0100 |     0.0033 |     False |     0.0000 |      True
    0.0500 |     0.0033 |     False |     0.0000 |      True
    0.1000 |     0.0033 |     False |     0.0000 |      True
    0.5000 |     0.0033 |     False |     0.0000 |      True
    1.0000 |     0.0033 |     False |     0.0000 |      True

========== DETAILED PROFILES (all sweep values) ==========

--- load_coefficient = 0.001 ---
threshold(r):
  r=0: 100.0500
  r=1: 100.0500
  r=2: 100.0500
  r=3: 100.0500
  r=4: 100.0500
  r=5: 100.0500
  r=6: 100.0500
  r=7: 100.0500
  r=8: 100.0500
  r=9: 100.0500
  r=10: 100.0500
  r=11: 100.0500
load(r):
  r=0: 1.0000
  r=1: 1.0000
  r=2: 1.0000
  r=3: 1.0000
  r=4: 1.0000
  r=5: 1.0000
  r=6: 1.0000
  r=7: 1.0000
  r=8: 1.0000
  r=9: 1.0000
  r=10: 1.0000
  r=11: 1.0000

--- load_coefficient = 0.01 ---
threshold(r):
  r=0: 100.0500
  r=1: 100.0500
  r=2: 100.0500
  r=3: 100.0500
  r=4: 100.0500
  r=5: 100.0500
  r=6: 100.0500
  r=7: 100.0500
  r=8: 100.0500
  r=9: 100.0500
  r=10: 100.0500
  r=11: 100.0500
load(r):
  r=0: 1.0000
  r=1: 1.0000
  r=2: 1.0000
  r=3: 1.0000
  r=4: 1.0000
  r=5: 1.0000
  r=6: 1.0000
  r=7: 1.0000
  r=8: 1.0000
  r=9: 1.0000
  r=10: 1.0000
  r=11: 1.0000

--- load_coefficient = 0.05 ---
threshold(r):
  r=0: 100.0500
  r=1: 100.0500
  r=2: 100.0500
  r=3: 100.0500
  r=4: 100.0500
  r=5: 100.0500
  r=6: 100.0500
  r=7: 100.0500
  r=8: 100.0500
  r=9: 100.0500
  r=10: 100.0500
  r=11: 100.0500
load(r):
  r=0: 1.0000
  r=1: 1.0000
  r=2: 1.0000
  r=3: 1.0000
  r=4: 1.0000
  r=5: 1.0000
  r=6: 1.0000
  r=7: 1.0000
  r=8: 1.0000
  r=9: 1.0000
  r=10: 1.0000
  r=11: 1.0000

--- load_coefficient = 0.1 ---
threshold(r):
  r=0: 100.0500
  r=1: 100.0500
  r=2: 100.0500
  r=3: 100.0500
  r=4: 100.0500
  r=5: 100.0500
  r=6: 100.0500
  r=7: 100.0500
  r=8: 100.0500
  r=9: 100.0500
  r=10: 100.0500
  r=11: 100.0500
load(r):
  r=0: 1.0000
  r=1: 1.0000
  r=2: 1.0000
  r=3: 1.0000
  r=4: 1.0000
  r=5: 1.0000
  r=6: 1.0000
  r=7: 1.0000
  r=8: 1.0000
  r=9: 1.0000
  r=10: 1.0000
  r=11: 1.0000

--- load_coefficient = 0.5 ---
threshold(r):
  r=0: 100.0500
  r=1: 100.0500
  r=2: 100.0500
  r=3: 100.0500
  r=4: 100.0500
  r=5: 100.0500
  r=6: 100.0500
  r=7: 100.0500
  r=8: 100.0500
  r=9: 100.0500
  r=10: 100.0500
  r=11: 100.0500
load(r):
  r=0: 1.0000
  r=1: 1.0000
  r=2: 1.0000
  r=3: 1.0000
  r=4: 1.0000
  r=5: 1.0000
  r=6: 1.0000
  r=7: 1.0000
  r=8: 1.0000
  r=9: 1.0000
  r=10: 1.0000
  r=11: 1.0000

--- load_coefficient = 1.0 ---
threshold(r):
  r=0: 100.0500
  r=1: 100.0500
  r=2: 100.0500
  r=3: 100.0500
  r=4: 100.0500
  r=5: 100.0500
  r=6: 100.0500
  r=7: 100.0500
  r=8: 100.0500
  r=9: 100.0500
  r=10: 100.0500
  r=11: 100.0500
load(r):
  r=0: 1.0000
  r=1: 1.0000
  r=2: 1.0000
  r=3: 1.0000
  r=4: 1.0000
  r=5: 1.0000
  r=6: 1.0000
  r=7: 1.0000
  r=8: 1.0000
  r=9: 1.0000
  r=10: 1.0000
  r=11: 1.0000

========== INTERPRETATION ==========
Best threshold profile: load_coefficient=0.001 (range=0.0033, monotonic=False)
AT LEAST ONE sweep value produces monotonic decreasing profile.
Saturation is PARAMETER-TUNABLE; H3.5/H4.1 may have a working regime.
========== END PHASE 2A.2 ==========

PASSED

======================== 1 passed in 266.54s (0:04:26) ========================
