P1d dissipation channel. Frozen gate: Qg_lo=0.130 D_lo=2.43
engagement census: reab/shed (dissipation must MOVE flux, P1b lesson); starve vs select deaths.

(q,c)-PLANE MAP: scalar_flux, 5 seeds/cell, frozen gate (Qg_lo=0.130 D_lo=2.43 cv_hi=0.6).

q=0.20 c=1.0: ext 2/5  manif 3/3  cv~0.52  D~1.0  d_ball~1.98  n~2208
q=0.25 c=1.0: ext 1/5  manif 2/4  cv~0.60  D~1.1  d_ball~2.43  n~2759
q=0.30 c=1.0: ext 0/5  manif 0/5  cv~0.65  D~1.1  d_ball~2.63  n~3082
q=0.35 c=1.0: ext 0/5  manif 0/5  cv~0.69  D~1.3  d_ball~2.72  n~3163
q=0.40 c=1.0: ext 0/5  manif 0/5  cv~0.73  D~1.2  d_ball~2.87  n~3233
q=0.45 c=1.0: ext 0/5  manif 0/5  cv~0.76  D~1.2  d_ball~2.99  n~3529
q=0.50 c=1.0: ext 0/5  manif 0/5  cv~0.78  D~1.5  d_ball~3.05  n~3553
q=0.20 c=1.1: ext 3/5  manif 2/2  cv~0.49  D~1.0  d_ball~1.69  n~2094
q=0.25 c=1.1: ext 3/5  manif 2/2  cv~0.59  D~1.1  d_ball~2.34  n~2806
q=0.30 c=1.1: ext 2/5  manif 0/3  cv~0.65  D~1.1  d_ball~2.70  n~2988
q=0.35 c=1.1: ext 2/5  manif 0/3  cv~0.68  D~1.1  d_ball~2.71  n~3537
q=0.40 c=1.1: ext 2/5  manif 0/3  cv~0.72  D~1.5  d_ball~2.82  n~3365
q=0.45 c=1.1: ext 2/5  manif 0/3  cv~0.76  D~1.3  d_ball~3.04  n~3898
q=0.50 c=1.1: ext 2/5  manif 0/3  cv~0.78  D~1.4  d_ball~3.04  n~3334
q=0.20 c=1.2: ext 3/5  manif 2/2  cv~0.48  D~1.1  d_ball~1.65  n~1053
q=0.25 c=1.2: ext 3/5  manif 2/2  cv~0.58  D~1.1  d_ball~2.27  n~2645
q=0.30 c=1.2: ext 2/5  manif 0/3  cv~0.63  D~1.1  d_ball~2.51  n~2937
q=0.35 c=1.2: ext 2/5  manif 0/3  cv~0.68  D~1.2  d_ball~2.73  n~3169
q=0.40 c=1.2: ext 2/5  manif 0/3  cv~0.71  D~1.3  d_ball~2.83  n~3176
q=0.45 c=1.2: ext 2/5  manif 0/3  cv~0.74  D~1.4  d_ball~2.89  n~3689
q=0.50 c=1.2: ext 2/5  manif 0/3  cv~0.76  D~1.2  d_ball~3.04  n~3229
q=0.20 c=1.3: ext 3/5  manif 2/2  cv~0.47  D~1.0  d_ball~1.38  n~741
q=0.25 c=1.3: ext 3/5  manif 2/2  cv~0.56  D~1.1  d_ball~2.04  n~1234
q=0.30 c=1.3: ext 2/5  manif 0/3  cv~0.61  D~1.2  d_ball~2.47  n~2928
q=0.35 c=1.3: ext 2/5  manif 0/3  cv~0.67  D~1.1  d_ball~2.68  n~3063
q=0.40 c=1.3: ext 2/5  manif 0/3  cv~0.71  D~1.3  d_ball~2.81  n~3610
q=0.45 c=1.3: ext 2/5  manif 0/3  cv~0.73  D~1.2  d_ball~2.87  n~3743
q=0.50 c=1.3: ext 2/5  manif 0/3  cv~0.76  D~1.5  d_ball~3.00  n~3130
q=0.20 c=1.4: ext 3/5  manif 2/2  cv~0.45  D~1.1  d_ball~1.16  n~290
q=0.25 c=1.4: ext 3/5  manif 2/2  cv~0.53  D~1.0  d_ball~1.86  n~1843
q=0.30 c=1.4: ext 2/5  manif 0/3  cv~0.61  D~1.1  d_ball~2.50  n~2665
q=0.35 c=1.4: ext 2/5  manif 0/3  cv~0.65  D~1.3  d_ball~2.60  n~3042
q=0.40 c=1.4: ext 2/5  manif 0/3  cv~0.69  D~1.2  d_ball~2.75  n~3302
q=0.45 c=1.4: ext 2/5  manif 0/3  cv~0.72  D~1.2  d_ball~2.86  n~3329
q=0.50 c=1.4: ext 2/5  manif 0/3  cv~0.74  D~1.5  d_ball~3.02  n~3382
q=0.20 c=1.5: ext 3/5  manif 2/2  cv~0.46  D~1.1  d_ball~nan  n~142
q=0.25 c=1.5: ext 3/5  manif 2/2  cv~0.53  D~1.0  d_ball~1.57  n~1156
q=0.30 c=1.5: ext 2/5  manif 3/3  cv~0.57  D~1.1  d_ball~2.16  n~2456
q=0.35 c=1.5: ext 2/5  manif 0/3  cv~0.63  D~1.2  d_ball~2.46  n~2667
q=0.40 c=1.5: ext 2/5  manif 0/3  cv~0.68  D~1.2  d_ball~2.69  n~3041
q=0.45 c=1.5: ext 2/5  manif 0/3  cv~0.71  D~1.2  d_ball~2.87  n~3139
q=0.50 c=1.5: ext 2/5  manif 0/3  cv~0.75  D~1.4  d_ball~3.01  n~3830
q=0.20 c=1.6: ext 4/5  manif 1/1  cv~0.48  D~1.4  d_ball~nan  n~44
q=0.25 c=1.6: ext 4/5  manif 1/1  cv~0.52  D~1.1  d_ball~nan  n~111
q=0.30 c=1.6: ext 3/5  manif 2/2  cv~0.51  D~1.1  d_ball~1.07  n~523
q=0.35 c=1.6: ext 3/5  manif 2/2  cv~0.56  D~1.0  d_ball~1.43  n~2109
q=0.40 c=1.6: ext 3/5  manif 1/2  cv~0.61  D~1.0  d_ball~1.78  n~2669
q=0.45 c=1.6: ext 3/5  manif 0/2  cv~0.66  D~1.1  d_ball~2.50  n~3186
q=0.50 c=1.6: ext 3/5  manif 0/2  cv~0.71  D~1.3  d_ball~2.77  n~3420

LANDSCAPE (rows c, cols q). M=manifold&survives(ext<=2), m=manifold&high-ext, h=hub/irregular, X=mostly extinct(ext>=4)
        0.20   0.25   0.30   0.35   0.40   0.45   0.50
c=1.0   M     M     h     h     h     h     h 
c=1.1   m     m     h     h     h     h     h 
c=1.2   m     m     h     h     h     h     h 
c=1.3   m     m     h     h     h     h     h 
c=1.4   m     m     h     h     h     h     h 
c=1.5   m     m     M     h     h     h     h 
c=1.6   X     X     m     m     m     h     h 

Reading: locate the manifold window (M), the extinction cliff (X), and whether d_ball ever reaches ~2 off the cliff. Note gate-D (~1) vs d_ball disagreement across the plane -- the unresolved instrument issue from RESULTS_p1d.md. This MAPS the closed (a); it is not a new hypothesis test.
