V6 Parameter Tuning Experiments
======================================================================


======================================================================
Configuration: jitter_0.01_gamma_0.5
======================================================================
Jitter strength: 0.010
Gamma modulation: 0.5
Gamma field k: 100.0
Ticks: 1,000

Initializing gamma field...
Initializing 50 patterns...
Initial pattern distribution:
  Mean radius: 19.69 Planck cells
  Std radius: 4.52
  Range: [10.44, 32.39]
  Field energy: 194

Evolving for 1,000 ticks...

[   100/  1000] r_mean= 19.69, energy=  525, nonzero=  1.3%
[   200/  1000] r_mean= 19.69, energy=  577, nonzero=  1.4%
[   300/  1000] r_mean= 19.69, energy=  564, nonzero=  1.4%
[   400/  1000] r_mean= 19.69, energy=  561, nonzero=  1.4%
[   500/  1000] r_mean= 19.69, energy=  573, nonzero=  1.4%
[   600/  1000] r_mean= 19.69, energy=  583, nonzero=  1.5%
[   700/  1000] r_mean= 19.69, energy=  589, nonzero=  1.5%
